[04-May-2021 10:38:08 Europe/Moscow] PHP Deprecated:  Methods with the same name as their class will not be constructors in a future version of PHP; plgContentJComments has a deprecated constructor in /var/www/www-root/data/www/508703-cj93141.tmweb.ru/plugins/content/jcomments/jcomments.php on line 25
[05-May-2021 09:34:00 Europe/Moscow] PHP Deprecated:  Methods with the same name as their class will not be constructors in a future version of PHP; plgContentJComments has a deprecated constructor in /var/www/www-root/data/www/508703-cj93141.tmweb.ru/plugins/content/jcomments/jcomments.php on line 25
[06-May-2021 10:51:46 Europe/Moscow] PHP Deprecated:  Methods with the same name as their class will not be constructors in a future version of PHP; plgContentJComments has a deprecated constructor in /var/www/www-root/data/www/508703-cj93141.tmweb.ru/plugins/content/jcomments/jcomments.php on line 25
[07-May-2021 07:16:56 Europe/Moscow] PHP Deprecated:  Methods with the same name as their class will not be constructors in a future version of PHP; plgContentJComments has a deprecated constructor in /var/www/www-root/data/www/508703-cj93141.tmweb.ru/plugins/content/jcomments/jcomments.php on line 25
[08-May-2021 07:38:56 Europe/Moscow] PHP Deprecated:  Methods with the same name as their class will not be constructors in a future version of PHP; plgContentJComments has a deprecated constructor in /var/www/www-root/data/www/508703-cj93141.tmweb.ru/plugins/content/jcomments/jcomments.php on line 25
[09-May-2021 11:45:06 Europe/Moscow] PHP Deprecated:  Methods with the same name as their class will not be constructors in a future version of PHP; plgContentJComments has a deprecated constructor in /var/www/www-root/data/www/508703-cj93141.tmweb.ru/plugins/content/jcomments/jcomments.php on line 25
[10-May-2021 08:21:32 Europe/Moscow] PHP Deprecated:  Methods with the same name as their class will not be constructors in a future version of PHP; plgContentJComments has a deprecated constructor in /var/www/www-root/data/www/508703-cj93141.tmweb.ru/plugins/content/jcomments/jcomments.php on line 25
[11-May-2021 06:41:16 Europe/Moscow] PHP Deprecated:  Methods with the same name as their class will not be constructors in a future version of PHP; plgContentJComments has a deprecated constructor in /var/www/www-root/data/www/508703-cj93141.tmweb.ru/plugins/content/jcomments/jcomments.php on line 25
[12-May-2021 07:33:03 Europe/Moscow] PHP Deprecated:  Methods with the same name as their class will not be constructors in a future version of PHP; plgContentJComments has a deprecated constructor in /var/www/www-root/data/www/508703-cj93141.tmweb.ru/plugins/content/jcomments/jcomments.php on line 25
[13-May-2021 07:05:46 Europe/Moscow] PHP Deprecated:  Methods with the same name as their class will not be constructors in a future version of PHP; plgContentJComments has a deprecated constructor in /var/www/www-root/data/www/508703-cj93141.tmweb.ru/plugins/content/jcomments/jcomments.php on line 25
[14-May-2021 14:58:02 Europe/Moscow] PHP Deprecated:  Methods with the same name as their class will not be constructors in a future version of PHP; plgContentJComments has a deprecated constructor in /var/www/www-root/data/www/508703-cj93141.tmweb.ru/plugins/content/jcomments/jcomments.php on line 25
[15-May-2021 07:24:08 Europe/Moscow] PHP Deprecated:  Methods with the same name as their class will not be constructors in a future version of PHP; plgContentJComments has a deprecated constructor in /var/www/www-root/data/www/508703-cj93141.tmweb.ru/plugins/content/jcomments/jcomments.php on line 25
[16-May-2021 07:04:46 Europe/Moscow] PHP Deprecated:  Methods with the same name as their class will not be constructors in a future version of PHP; plgContentJComments has a deprecated constructor in /var/www/www-root/data/www/508703-cj93141.tmweb.ru/plugins/content/jcomments/jcomments.php on line 25
[17-May-2021 07:20:27 Europe/Moscow] PHP Deprecated:  Methods with the same name as their class will not be constructors in a future version of PHP; plgContentJComments has a deprecated constructor in /var/www/www-root/data/www/508703-cj93141.tmweb.ru/plugins/content/jcomments/jcomments.php on line 25
[18-May-2021 07:16:17 Europe/Moscow] PHP Deprecated:  Methods with the same name as their class will not be constructors in a future version of PHP; plgContentJComments has a deprecated constructor in /var/www/www-root/data/www/508703-cj93141.tmweb.ru/plugins/content/jcomments/jcomments.php on line 25
[19-May-2021 10:01:25 Europe/Moscow] PHP Deprecated:  Methods with the same name as their class will not be constructors in a future version of PHP; plgContentJComments has a deprecated constructor in /var/www/www-root/data/www/508703-cj93141.tmweb.ru/plugins/content/jcomments/jcomments.php on line 25
[20-May-2021 07:10:28 Europe/Moscow] PHP Deprecated:  Methods with the same name as their class will not be constructors in a future version of PHP; plgContentJComments has a deprecated constructor in /var/www/www-root/data/www/508703-cj93141.tmweb.ru/plugins/content/jcomments/jcomments.php on line 25
[21-May-2021 10:22:00 Europe/Moscow] PHP Deprecated:  Methods with the same name as their class will not be constructors in a future version of PHP; plgContentJComments has a deprecated constructor in /var/www/www-root/data/www/508703-cj93141.tmweb.ru/plugins/content/jcomments/jcomments.php on line 25
[22-May-2021 08:54:39 Europe/Moscow] PHP Deprecated:  Methods with the same name as their class will not be constructors in a future version of PHP; plgContentJComments has a deprecated constructor in /var/www/www-root/data/www/508703-cj93141.tmweb.ru/plugins/content/jcomments/jcomments.php on line 25
[23-May-2021 06:29:22 Europe/Moscow] PHP Deprecated:  Methods with the same name as their class will not be constructors in a future version of PHP; plgContentJComments has a deprecated constructor in /var/www/www-root/data/www/508703-cj93141.tmweb.ru/plugins/content/jcomments/jcomments.php on line 25
[24-May-2021 08:08:51 Europe/Moscow] PHP Deprecated:  Methods with the same name as their class will not be constructors in a future version of PHP; plgContentJComments has a deprecated constructor in /var/www/www-root/data/www/508703-cj93141.tmweb.ru/plugins/content/jcomments/jcomments.php on line 25
[25-May-2021 06:42:00 Europe/Moscow] PHP Deprecated:  Methods with the same name as their class will not be constructors in a future version of PHP; plgContentJComments has a deprecated constructor in /var/www/www-root/data/www/508703-cj93141.tmweb.ru/plugins/content/jcomments/jcomments.php on line 25
[26-May-2021 07:08:00 Europe/Moscow] PHP Deprecated:  Methods with the same name as their class will not be constructors in a future version of PHP; plgContentJComments has a deprecated constructor in /var/www/www-root/data/www/508703-cj93141.tmweb.ru/plugins/content/jcomments/jcomments.php on line 25
[27-May-2021 12:55:13 Europe/Moscow] PHP Deprecated:  Methods with the same name as their class will not be constructors in a future version of PHP; plgContentJComments has a deprecated constructor in /var/www/www-root/data/www/508703-cj93141.tmweb.ru/plugins/content/jcomments/jcomments.php on line 25
[27-May-2021 20:17:13 Europe/Moscow] PHP Deprecated:  Function create_function() is deprecated in /var/www/www-root/data/www/508703-cj93141.tmweb.ru/administrator/components/com_zoo/tables/category.php on line 213
[27-May-2021 20:19:32 Europe/Moscow] PHP Deprecated:  Function create_function() is deprecated in /var/www/www-root/data/www/508703-cj93141.tmweb.ru/administrator/components/com_zoo/tables/category.php on line 213
[27-May-2021 20:21:56 Europe/Moscow] PHP Deprecated:  Function create_function() is deprecated in /var/www/www-root/data/www/508703-cj93141.tmweb.ru/administrator/components/com_zoo/tables/category.php on line 213
[27-May-2021 20:46:41 Europe/Moscow] PHP Deprecated:  Function create_function() is deprecated in /var/www/www-root/data/www/508703-cj93141.tmweb.ru/administrator/components/com_zoo/tables/category.php on line 213
[28-May-2021 08:35:28 Europe/Moscow] PHP Deprecated:  Methods with the same name as their class will not be constructors in a future version of PHP; plgContentJComments has a deprecated constructor in /var/www/www-root/data/www/508703-cj93141.tmweb.ru/plugins/content/jcomments/jcomments.php on line 25
[29-May-2021 07:01:50 Europe/Moscow] PHP Deprecated:  Methods with the same name as their class will not be constructors in a future version of PHP; plgContentJComments has a deprecated constructor in /var/www/www-root/data/www/508703-cj93141.tmweb.ru/plugins/content/jcomments/jcomments.php on line 25
[30-May-2021 07:36:13 Europe/Moscow] PHP Deprecated:  Methods with the same name as their class will not be constructors in a future version of PHP; plgContentJComments has a deprecated constructor in /var/www/www-root/data/www/508703-cj93141.tmweb.ru/plugins/content/jcomments/jcomments.php on line 25
[31-May-2021 06:26:33 Europe/Moscow] PHP Deprecated:  Methods with the same name as their class will not be constructors in a future version of PHP; plgContentJComments has a deprecated constructor in /var/www/www-root/data/www/508703-cj93141.tmweb.ru/plugins/content/jcomments/jcomments.php on line 25
[01-Jun-2021 06:28:44 Europe/Moscow] PHP Deprecated:  Methods with the same name as their class will not be constructors in a future version of PHP; plgContentJComments has a deprecated constructor in /var/www/www-root/data/www/508703-cj93141.tmweb.ru/plugins/content/jcomments/jcomments.php on line 25
[01-Jun-2021 16:25:22 Europe/Moscow] PHP Deprecated:  Function create_function() is deprecated in /var/www/www-root/data/www/508703-cj93141.tmweb.ru/administrator/components/com_zoo/tables/category.php on line 213
[01-Jun-2021 16:25:38 Europe/Moscow] PHP Deprecated:  Function create_function() is deprecated in /var/www/www-root/data/www/508703-cj93141.tmweb.ru/administrator/components/com_zoo/tables/category.php on line 213
[02-Jun-2021 06:28:41 Europe/Moscow] PHP Deprecated:  Methods with the same name as their class will not be constructors in a future version of PHP; plgContentJComments has a deprecated constructor in /var/www/www-root/data/www/508703-cj93141.tmweb.ru/plugins/content/jcomments/jcomments.php on line 25
[03-Jun-2021 06:27:52 Europe/Moscow] PHP Deprecated:  Methods with the same name as their class will not be constructors in a future version of PHP; plgContentJComments has a deprecated constructor in /var/www/www-root/data/www/508703-cj93141.tmweb.ru/plugins/content/jcomments/jcomments.php on line 25
[04-Jun-2021 06:28:27 Europe/Moscow] PHP Deprecated:  Methods with the same name as their class will not be constructors in a future version of PHP; plgContentJComments has a deprecated constructor in /var/www/www-root/data/www/508703-cj93141.tmweb.ru/plugins/content/jcomments/jcomments.php on line 25
[05-Jun-2021 06:31:42 Europe/Moscow] PHP Deprecated:  Methods with the same name as their class will not be constructors in a future version of PHP; plgContentJComments has a deprecated constructor in /var/www/www-root/data/www/508703-cj93141.tmweb.ru/plugins/content/jcomments/jcomments.php on line 25
[06-Jun-2021 06:30:50 Europe/Moscow] PHP Deprecated:  Methods with the same name as their class will not be constructors in a future version of PHP; plgContentJComments has a deprecated constructor in /var/www/www-root/data/www/508703-cj93141.tmweb.ru/plugins/content/jcomments/jcomments.php on line 25
[06-Jun-2021 10:36:57 Europe/Moscow] PHP Deprecated:  Function create_function() is deprecated in /var/www/www-root/data/www/508703-cj93141.tmweb.ru/administrator/components/com_zoo/tables/category.php on line 213
[06-Jun-2021 11:14:51 Europe/Moscow] PHP Deprecated:  Function create_function() is deprecated in /var/www/www-root/data/www/508703-cj93141.tmweb.ru/administrator/components/com_zoo/tables/category.php on line 213
[06-Jun-2021 11:33:47 Europe/Moscow] PHP Deprecated:  Function create_function() is deprecated in /var/www/www-root/data/www/508703-cj93141.tmweb.ru/administrator/components/com_zoo/tables/category.php on line 213
[06-Jun-2021 13:08:30 Europe/Moscow] PHP Deprecated:  Function create_function() is deprecated in /var/www/www-root/data/www/508703-cj93141.tmweb.ru/administrator/components/com_zoo/tables/category.php on line 213
[06-Jun-2021 13:17:56 Europe/Moscow] PHP Deprecated:  Function create_function() is deprecated in /var/www/www-root/data/www/508703-cj93141.tmweb.ru/administrator/components/com_zoo/tables/category.php on line 213
[06-Jun-2021 14:43:08 Europe/Moscow] PHP Deprecated:  Function create_function() is deprecated in /var/www/www-root/data/www/508703-cj93141.tmweb.ru/administrator/components/com_zoo/tables/category.php on line 213
[06-Jun-2021 14:52:37 Europe/Moscow] PHP Deprecated:  Function create_function() is deprecated in /var/www/www-root/data/www/508703-cj93141.tmweb.ru/administrator/components/com_zoo/tables/category.php on line 213
[06-Jun-2021 18:01:57 Europe/Moscow] PHP Deprecated:  Function create_function() is deprecated in /var/www/www-root/data/www/508703-cj93141.tmweb.ru/administrator/components/com_zoo/tables/category.php on line 213
[07-Jun-2021 02:04:52 Europe/Moscow] PHP Deprecated:  Function create_function() is deprecated in /var/www/www-root/data/www/508703-cj93141.tmweb.ru/administrator/components/com_zoo/tables/category.php on line 213
[07-Jun-2021 03:48:58 Europe/Moscow] PHP Deprecated:  Function create_function() is deprecated in /var/www/www-root/data/www/508703-cj93141.tmweb.ru/administrator/components/com_zoo/tables/category.php on line 213
[07-Jun-2021 04:07:54 Europe/Moscow] PHP Deprecated:  Function create_function() is deprecated in /var/www/www-root/data/www/508703-cj93141.tmweb.ru/administrator/components/com_zoo/tables/category.php on line 213
[07-Jun-2021 04:17:23 Europe/Moscow] PHP Deprecated:  Function create_function() is deprecated in /var/www/www-root/data/www/508703-cj93141.tmweb.ru/administrator/components/com_zoo/tables/category.php on line 213
[07-Jun-2021 04:26:51 Europe/Moscow] PHP Deprecated:  Function create_function() is deprecated in /var/www/www-root/data/www/508703-cj93141.tmweb.ru/administrator/components/com_zoo/tables/category.php on line 213
[07-Jun-2021 04:55:15 Europe/Moscow] PHP Deprecated:  Function create_function() is deprecated in /var/www/www-root/data/www/508703-cj93141.tmweb.ru/administrator/components/com_zoo/tables/category.php on line 213
[07-Jun-2021 05:23:38 Europe/Moscow] PHP Deprecated:  Function create_function() is deprecated in /var/www/www-root/data/www/508703-cj93141.tmweb.ru/administrator/components/com_zoo/tables/category.php on line 213
[07-Jun-2021 06:29:55 Europe/Moscow] PHP Deprecated:  Methods with the same name as their class will not be constructors in a future version of PHP; plgContentJComments has a deprecated constructor in /var/www/www-root/data/www/508703-cj93141.tmweb.ru/plugins/content/jcomments/jcomments.php on line 25
[07-Jun-2021 10:07:38 Europe/Moscow] PHP Deprecated:  Function create_function() is deprecated in /var/www/www-root/data/www/508703-cj93141.tmweb.ru/administrator/components/com_zoo/tables/category.php on line 213
[08-Jun-2021 01:18:09 Europe/Moscow] PHP Deprecated:  Function create_function() is deprecated in /var/www/www-root/data/www/508703-cj93141.tmweb.ru/administrator/components/com_zoo/tables/category.php on line 213
[08-Jun-2021 03:11:46 Europe/Moscow] PHP Deprecated:  Function create_function() is deprecated in /var/www/www-root/data/www/508703-cj93141.tmweb.ru/administrator/components/com_zoo/tables/category.php on line 213
[08-Jun-2021 06:27:51 Europe/Moscow] PHP Deprecated:  Methods with the same name as their class will not be constructors in a future version of PHP; plgContentJComments has a deprecated constructor in /var/www/www-root/data/www/508703-cj93141.tmweb.ru/plugins/content/jcomments/jcomments.php on line 25
[08-Jun-2021 21:22:39 Europe/Moscow] PHP Deprecated:  Function create_function() is deprecated in /var/www/www-root/data/www/508703-cj93141.tmweb.ru/administrator/components/com_zoo/tables/category.php on line 213
[08-Jun-2021 21:59:05 Europe/Moscow] PHP Deprecated:  Function create_function() is deprecated in /var/www/www-root/data/www/508703-cj93141.tmweb.ru/administrator/components/com_zoo/tables/category.php on line 213
[08-Jun-2021 22:08:34 Europe/Moscow] PHP Deprecated:  Function create_function() is deprecated in /var/www/www-root/data/www/508703-cj93141.tmweb.ru/administrator/components/com_zoo/tables/category.php on line 213
[08-Jun-2021 22:31:06 Europe/Moscow] PHP Deprecated:  Function create_function() is deprecated in /var/www/www-root/data/www/508703-cj93141.tmweb.ru/administrator/components/com_zoo/tables/category.php on line 213
[08-Jun-2021 23:59:52 Europe/Moscow] PHP Deprecated:  Function create_function() is deprecated in /var/www/www-root/data/www/508703-cj93141.tmweb.ru/administrator/components/com_zoo/tables/category.php on line 213
[09-Jun-2021 00:11:40 Europe/Moscow] PHP Deprecated:  Function create_function() is deprecated in /var/www/www-root/data/www/508703-cj93141.tmweb.ru/administrator/components/com_zoo/tables/category.php on line 213
[09-Jun-2021 06:49:16 Europe/Moscow] PHP Deprecated:  Methods with the same name as their class will not be constructors in a future version of PHP; plgContentJComments has a deprecated constructor in /var/www/www-root/data/www/508703-cj93141.tmweb.ru/plugins/content/jcomments/jcomments.php on line 25
[09-Jun-2021 17:42:56 Europe/Moscow] PHP Deprecated:  Function create_function() is deprecated in /var/www/www-root/data/www/508703-cj93141.tmweb.ru/administrator/components/com_zoo/tables/category.php on line 213
[09-Jun-2021 18:01:52 Europe/Moscow] PHP Deprecated:  Function create_function() is deprecated in /var/www/www-root/data/www/508703-cj93141.tmweb.ru/administrator/components/com_zoo/tables/category.php on line 213
[09-Jun-2021 18:11:20 Europe/Moscow] PHP Deprecated:  Function create_function() is deprecated in /var/www/www-root/data/www/508703-cj93141.tmweb.ru/administrator/components/com_zoo/tables/category.php on line 213
[09-Jun-2021 18:39:44 Europe/Moscow] PHP Deprecated:  Function create_function() is deprecated in /var/www/www-root/data/www/508703-cj93141.tmweb.ru/administrator/components/com_zoo/tables/category.php on line 213
[09-Jun-2021 19:55:30 Europe/Moscow] PHP Deprecated:  Function create_function() is deprecated in /var/www/www-root/data/www/508703-cj93141.tmweb.ru/administrator/components/com_zoo/tables/category.php on line 213
[10-Jun-2021 06:29:48 Europe/Moscow] PHP Deprecated:  Methods with the same name as their class will not be constructors in a future version of PHP; plgContentJComments has a deprecated constructor in /var/www/www-root/data/www/508703-cj93141.tmweb.ru/plugins/content/jcomments/jcomments.php on line 25
[10-Jun-2021 12:10:36 Europe/Moscow] PHP Deprecated:  Function create_function() is deprecated in /var/www/www-root/data/www/508703-cj93141.tmweb.ru/administrator/components/com_zoo/tables/category.php on line 213
[10-Jun-2021 13:35:49 Europe/Moscow] PHP Deprecated:  Function create_function() is deprecated in /var/www/www-root/data/www/508703-cj93141.tmweb.ru/administrator/components/com_zoo/tables/category.php on line 213
[10-Jun-2021 13:45:17 Europe/Moscow] PHP Deprecated:  Function create_function() is deprecated in /var/www/www-root/data/www/508703-cj93141.tmweb.ru/administrator/components/com_zoo/tables/category.php on line 213
[10-Jun-2021 13:54:46 Europe/Moscow] PHP Deprecated:  Function create_function() is deprecated in /var/www/www-root/data/www/508703-cj93141.tmweb.ru/administrator/components/com_zoo/tables/category.php on line 213
[10-Jun-2021 14:04:13 Europe/Moscow] PHP Deprecated:  Function create_function() is deprecated in /var/www/www-root/data/www/508703-cj93141.tmweb.ru/administrator/components/com_zoo/tables/category.php on line 213
[10-Jun-2021 16:07:16 Europe/Moscow] PHP Deprecated:  Function create_function() is deprecated in /var/www/www-root/data/www/508703-cj93141.tmweb.ru/administrator/components/com_zoo/tables/category.php on line 213
[11-Jun-2021 07:23:02 Europe/Moscow] PHP Deprecated:  Methods with the same name as their class will not be constructors in a future version of PHP; plgContentJComments has a deprecated constructor in /var/www/www-root/data/www/508703-cj93141.tmweb.ru/plugins/content/jcomments/jcomments.php on line 25
[11-Jun-2021 20:05:31 Europe/Moscow] PHP Deprecated:  Function create_function() is deprecated in /var/www/www-root/data/www/508703-cj93141.tmweb.ru/administrator/components/com_zoo/tables/category.php on line 213
[11-Jun-2021 20:05:47 Europe/Moscow] PHP Deprecated:  Function create_function() is deprecated in /var/www/www-root/data/www/508703-cj93141.tmweb.ru/administrator/components/com_zoo/tables/category.php on line 213
[11-Jun-2021 20:07:59 Europe/Moscow] PHP Deprecated:  Function create_function() is deprecated in /var/www/www-root/data/www/508703-cj93141.tmweb.ru/administrator/components/com_zoo/tables/category.php on line 213
[11-Jun-2021 20:08:11 Europe/Moscow] PHP Deprecated:  Function create_function() is deprecated in /var/www/www-root/data/www/508703-cj93141.tmweb.ru/administrator/components/com_zoo/tables/category.php on line 213
[11-Jun-2021 20:13:26 Europe/Moscow] PHP Deprecated:  Function create_function() is deprecated in /var/www/www-root/data/www/508703-cj93141.tmweb.ru/administrator/components/com_zoo/tables/category.php on line 213
[12-Jun-2021 00:19:17 Europe/Moscow] PHP Deprecated:  Function create_function() is deprecated in /var/www/www-root/data/www/508703-cj93141.tmweb.ru/administrator/components/com_zoo/tables/category.php on line 213
[12-Jun-2021 04:16:01 Europe/Moscow] PHP Deprecated:  Function create_function() is deprecated in /var/www/www-root/data/www/508703-cj93141.tmweb.ru/administrator/components/com_zoo/tables/category.php on line 213
[12-Jun-2021 06:38:07 Europe/Moscow] PHP Deprecated:  Methods with the same name as their class will not be constructors in a future version of PHP; plgContentJComments has a deprecated constructor in /var/www/www-root/data/www/508703-cj93141.tmweb.ru/plugins/content/jcomments/jcomments.php on line 25
[13-Jun-2021 07:06:40 Europe/Moscow] PHP Deprecated:  Methods with the same name as their class will not be constructors in a future version of PHP; plgContentJComments has a deprecated constructor in /var/www/www-root/data/www/508703-cj93141.tmweb.ru/plugins/content/jcomments/jcomments.php on line 25
[14-Jun-2021 06:50:28 Europe/Moscow] PHP Deprecated:  Methods with the same name as their class will not be constructors in a future version of PHP; plgContentJComments has a deprecated constructor in /var/www/www-root/data/www/508703-cj93141.tmweb.ru/plugins/content/jcomments/jcomments.php on line 25
[15-Jun-2021 07:00:29 Europe/Moscow] PHP Deprecated:  Methods with the same name as their class will not be constructors in a future version of PHP; plgContentJComments has a deprecated constructor in /var/www/www-root/data/www/508703-cj93141.tmweb.ru/plugins/content/jcomments/jcomments.php on line 25
[16-Jun-2021 02:46:27 Europe/Moscow] PHP Deprecated:  Function create_function() is deprecated in /var/www/www-root/data/www/508703-cj93141.tmweb.ru/administrator/components/com_zoo/tables/category.php on line 213
[16-Jun-2021 02:57:35 Europe/Moscow] PHP Deprecated:  Function create_function() is deprecated in /var/www/www-root/data/www/508703-cj93141.tmweb.ru/administrator/components/com_zoo/tables/category.php on line 213
[16-Jun-2021 02:58:56 Europe/Moscow] PHP Deprecated:  Function create_function() is deprecated in /var/www/www-root/data/www/508703-cj93141.tmweb.ru/administrator/components/com_zoo/tables/category.php on line 213
[16-Jun-2021 03:05:03 Europe/Moscow] PHP Deprecated:  Function create_function() is deprecated in /var/www/www-root/data/www/508703-cj93141.tmweb.ru/administrator/components/com_zoo/tables/category.php on line 213
[16-Jun-2021 03:21:39 Europe/Moscow] PHP Deprecated:  Function create_function() is deprecated in /var/www/www-root/data/www/508703-cj93141.tmweb.ru/administrator/components/com_zoo/tables/category.php on line 213
[16-Jun-2021 03:22:46 Europe/Moscow] PHP Deprecated:  Function create_function() is deprecated in /var/www/www-root/data/www/508703-cj93141.tmweb.ru/administrator/components/com_zoo/tables/category.php on line 213
[16-Jun-2021 06:28:09 Europe/Moscow] PHP Deprecated:  Methods with the same name as their class will not be constructors in a future version of PHP; plgContentJComments has a deprecated constructor in /var/www/www-root/data/www/508703-cj93141.tmweb.ru/plugins/content/jcomments/jcomments.php on line 25
[17-Jun-2021 06:39:18 Europe/Moscow] PHP Deprecated:  Methods with the same name as their class will not be constructors in a future version of PHP; plgContentJComments has a deprecated constructor in /var/www/www-root/data/www/508703-cj93141.tmweb.ru/plugins/content/jcomments/jcomments.php on line 25
[18-Jun-2021 06:33:17 Europe/Moscow] PHP Deprecated:  Methods with the same name as their class will not be constructors in a future version of PHP; plgContentJComments has a deprecated constructor in /var/www/www-root/data/www/508703-cj93141.tmweb.ru/plugins/content/jcomments/jcomments.php on line 25
[19-Jun-2021 06:54:56 Europe/Moscow] PHP Deprecated:  Methods with the same name as their class will not be constructors in a future version of PHP; plgContentJComments has a deprecated constructor in /var/www/www-root/data/www/508703-cj93141.tmweb.ru/plugins/content/jcomments/jcomments.php on line 25
[20-Jun-2021 06:44:42 Europe/Moscow] PHP Deprecated:  Methods with the same name as their class will not be constructors in a future version of PHP; plgContentJComments has a deprecated constructor in /var/www/www-root/data/www/508703-cj93141.tmweb.ru/plugins/content/jcomments/jcomments.php on line 25
[20-Jun-2021 10:55:34 Europe/Moscow] PHP Deprecated:  Function create_function() is deprecated in /var/www/www-root/data/www/508703-cj93141.tmweb.ru/administrator/components/com_zoo/tables/category.php on line 213
[20-Jun-2021 13:33:03 Europe/Moscow] PHP Deprecated:  Function create_function() is deprecated in /var/www/www-root/data/www/508703-cj93141.tmweb.ru/administrator/components/com_zoo/tables/category.php on line 213
[21-Jun-2021 07:37:24 Europe/Moscow] PHP Deprecated:  Methods with the same name as their class will not be constructors in a future version of PHP; plgContentJComments has a deprecated constructor in /var/www/www-root/data/www/508703-cj93141.tmweb.ru/plugins/content/jcomments/jcomments.php on line 25
[22-Jun-2021 06:30:56 Europe/Moscow] PHP Deprecated:  Methods with the same name as their class will not be constructors in a future version of PHP; plgContentJComments has a deprecated constructor in /var/www/www-root/data/www/508703-cj93141.tmweb.ru/plugins/content/jcomments/jcomments.php on line 25
[22-Jun-2021 07:35:34 Europe/Moscow] PHP Deprecated:  Methods with the same name as their class will not be constructors in a future version of PHP; plgContentJComments has a deprecated constructor in /var/www/www-root/data/www/508703-cj93141.tmweb.ru/plugins/content/jcomments/jcomments.php on line 25
[22-Jun-2021 13:36:48 Europe/Moscow] PHP Deprecated:  Methods with the same name as their class will not be constructors in a future version of PHP; plgContentJComments has a deprecated constructor in W:\domains\piano.local\plugins\content\jcomments\jcomments.php on line 25
[22-Jun-2021 13:37:09 Europe/Moscow] PHP Deprecated:  Methods with the same name as their class will not be constructors in a future version of PHP; plgContentJComments has a deprecated constructor in W:\domains\piano.local\plugins\content\jcomments\jcomments.php on line 25
[22-Jun-2021 13:41:30 Europe/Moscow] PHP Deprecated:  Methods with the same name as their class will not be constructors in a future version of PHP; plgContentJComments has a deprecated constructor in W:\domains\piano.local\plugins\content\jcomments\jcomments.php on line 25
